# JRE version: Java(TM) SE Runtime Environment (8.0_121-b13) (build 1.8.0_121-b13)
# Java VM: Java HotSpot(TM) 64-Bit Server VM (25.121-b13 mixed mode linux-amd64 compressed oops)
Heap:
 PSYoungGen      total 36352K, used 5709K [0x00000000d7f80000, 0x00000000dc680000, 0x0000000100000000)
  eden space 31232K, 18% used [0x00000000d7f80000,0x00000000d8513410,0x00000000d9e00000)
  from space 5120K, 0% used [0x00000000d9e00000,0x00000000d9e00000,0x00000000da300000)
  to   space 5120K, 0% used [0x00000000dc180000,0x00000000dc180000,0x00000000dc680000)
 ParOldGen       total 507392K, used 470167K [0x0000000087e00000, 0x00000000a6d80000, 0x00000000d7f80000)
  object space 507392K, 92% used [0x0000000087e00000,0x00000000a4925c50,0x00000000a6d80000)
 Metaspace       used 20796K, capacity 21912K, committed 22272K, reserved 1069056K
  class space    used 2961K, capacity 3217K, committed 3328K, reserved 1048576K
GC Heap History (8 events):
Event: 1.463 GC heap before
{Heap before GC invocations=1 (full 0):
 PSYoungGen      total 36352K, used 31232K [0x00000000d7f80000, 0x00000000da800000, 0x0000000100000000)
  eden space 31232K, 100% used [0x00000000d7f80000,0x00000000d9e00000,0x00000000d9e00000)
  from space 5120K, 0% used [0x00000000da300000,0x00000000da300000,0x00000000da800000)
  to   space 5120K, 0% used [0x00000000d9e00000,0x00000000d9e00000,0x00000000da300000)
 ParOldGen       total 83456K, used 0K [0x0000000087e00000, 0x000000008cf80000, 0x00000000d7f80000)
  object space 83456K, 0% used [0x0000000087e00000,0x0000000087e00000,0x000000008cf80000)
 Metaspace       used 12689K, capacity 13170K, committed 13440K, reserved 1060864K
  class space    used 1743K, capacity 1888K, committed 1920K, reserved 1048576K
Event: 1.475 GC heap after
Heap after GC invocations=1 (full 0):
 PSYoungGen      total 36352K, used 4662K [0x00000000d7f80000, 0x00000000da800000, 0x0000000100000000)
  eden space 31232K, 0% used [0x00000000d7f80000,0x00000000d7f80000,0x00000000d9e00000)
  from space 5120K, 91% used [0x00000000d9e00000,0x00000000da28d838,0x00000000da300000)
  to   space 5120K, 0% used [0x00000000da300000,0x00000000da300000,0x00000000da800000)
 ParOldGen       total 83456K, used 80K [0x0000000087e00000, 0x000000008cf80000, 0x00000000d7f80000)
  object space 83456K, 0% used [0x0000000087e00000,0x0000000087e14010,0x000000008cf80000)
 Metaspace       used 12689K, capacity 13170K, committed 13440K, reserved 1060864K
  class space    used 1743K, capacity 1888K, committed 1920K, reserved 1048576K
}
Event: 36.589 GC heap before
{Heap before GC invocations=2 (full 0):
 PSYoungGen      total 36352K, used 35894K [0x00000000d7f80000, 0x00000000da800000, 0x0000000100000000)
  eden space 31232K, 100% used [0x00000000d7f80000,0x00000000d9e00000,0x00000000d9e00000)
  from space 5120K, 91% used [0x00000000d9e00000,0x00000000da28d838,0x00000000da300000)
  to   space 5120K, 0% used [0x00000000da300000,0x00000000da300000,0x00000000da800000)
 ParOldGen       total 83456K, used 80K [0x0000000087e00000, 0x000000008cf80000, 0x00000000d7f80000)
  object space 83456K, 0% used [0x0000000087e00000,0x0000000087e14010,0x000000008cf80000)
 Metaspace       used 19838K, capacity 20626K, committed 20736K, reserved 1067008K
  class space    used 2827K, capacity 3046K, committed 3072K, reserved 1048576K
Event: 36.623 GC heap after
Heap after GC invocations=2 (full 0):
 PSYoungGen      total 36352K, used 5118K [0x00000000d7f80000, 0x00000000da800000, 0x0000000100000000)
  eden space 31232K, 0% used [0x00000000d7f80000,0x00000000d7f80000,0x00000000d9e00000)
  from space 5120K, 99% used [0x00000000da300000,0x00000000da7ffb08,0x00000000da800000)
  to   space 5120K, 0% used [0x00000000d9e00000,0x00000000d9e00000,0x00000000da300000)
 ParOldGen       total 83456K, used 3988K [0x0000000087e00000, 0x000000008cf80000, 0x00000000d7f80000)
  object space 83456K, 4% used [0x0000000087e00000,0x00000000881e50d8,0x000000008cf80000)
 Metaspace       used 19838K, capacity 20626K, committed 20736K, reserved 1067008K
  class space    used 2827K, capacity 3046K, committed 3072K, reserved 1048576K
}
Event: 36.752 GC heap before
{Heap before GC invocations=3 (full 0):
 PSYoungGen      total 36352K, used 7736K [0x00000000d7f80000, 0x00000000da800000, 0x0000000100000000)
  eden space 31232K, 8% used [0x00000000d7f80000,0x00000000d820e538,0x00000000d9e00000)
  from space 5120K, 99% used [0x00000000da300000,0x00000000da7ffb08,0x00000000da800000)
  to   space 5120K, 0% used [0x00000000d9e00000,0x00000000d9e00000,0x00000000da300000)
 ParOldGen       total 83456K, used 3988K [0x0000000087e00000, 0x000000008cf80000, 0x00000000d7f80000)
  object space 83456K, 4% used [0x0000000087e00000,0x00000000881e50d8,0x000000008cf80000)
 Metaspace       used 20234K, capacity 21190K, committed 21296K, reserved 1067008K
  class space    used 2890K, capacity 3114K, committed 3200K, reserved 1048576K
Event: 36.767 GC heap after
Heap after GC invocations=3 (full 0):
 PSYoungGen      total 36352K, used 5110K [0x00000000d7f80000, 0x00000000dc680000, 0x0000000100000000)
  eden space 31232K, 0% used [0x00000000d7f80000,0x00000000d7f80000,0x00000000d9e00000)
  from space 5120K, 99% used [0x00000000d9e00000,0x00000000da2fd988,0x00000000da300000)
  to   space 5120K, 0% used [0x00000000dc180000,0x00000000dc180000,0x00000000dc680000)
 ParOldGen       total 83456K, used 4388K [0x0000000087e00000, 0x000000008cf80000, 0x00000000d7f80000)
  object space 83456K, 5% used [0x0000000087e00000,0x00000000882490d8,0x000000008cf80000)
 Metaspace       used 20234K, capacity 21190K, committed 21296K, reserved 1067008K
  class space    used 2890K, capacity 3114K, committed 3200K, reserved 1048576K
}
Event: 36.767 GC heap before
{Heap before GC invocations=4 (full 1):
 PSYoungGen      total 36352K, used 5110K [0x00000000d7f80000, 0x00000000dc680000, 0x0000000100000000)
  eden space 31232K, 0% used [0x00000000d7f80000,0x00000000d7f80000,0x00000000d9e00000)
  from space 5120K, 99% used [0x00000000d9e00000,0x00000000da2fd988,0x00000000da300000)
  to   space 5120K, 0% used [0x00000000dc180000,0x00000000dc180000,0x00000000dc680000)
 ParOldGen       total 83456K, used 4388K [0x0000000087e00000, 0x000000008cf80000, 0x00000000d7f80000)
  object space 83456K, 5% used [0x0000000087e00000,0x00000000882490d8,0x000000008cf80000)
 Metaspace       used 20234K, capacity 21190K, committed 21296K, reserved 1067008K
  class space    used 2890K, capacity 3114K, committed 3200K, reserved 1048576K
Event: 36.804 GC heap after
Heap after GC invocations=4 (full 1):
 PSYoungGen      total 36352K, used 0K [0x00000000d7f80000, 0x00000000dc680000, 0x0000000100000000)
  eden space 31232K, 0% used [0x00000000d7f80000,0x00000000d7f80000,0x00000000d9e00000)
  from space 5120K, 0% used [0x00000000d9e00000,0x00000000d9e00000,0x00000000da300000)
  to   space 5120K, 0% used [0x00000000dc180000,0x00000000dc180000,0x00000000dc680000)
 ParOldGen       total 45568K, used 8529K [0x0000000087e00000, 0x000000008aa80000, 0x00000000d7f80000)
  object space 45568K, 18% used [0x0000000087e00000,0x00000000886546c8,0x000000008aa80000)
 Metaspace       used 20234K, capacity 21190K, committed 21296K, reserved 1067008K
  class space    used 2890K, capacity 3114K, committed 3200K, reserved 1048576K
}

